<?xml version="1.0" encoding="UTF-8"?>
<!-- Generated by org.testng.reporters.JUnitReportReporter -->
<testsuite hostname="LAPTOP-T6OI5AJU" failures="0" tests="1" name="com.orangehrmlive.demo.testsuite.LoginTest" time="7.097" errors="0" timestamp="2024-06-17T09:11:56 BST" skipped="0">
  <testcase classname="com.orangehrmlive.demo.testsuite.LoginTest" name="verifyUserShouldLoginSuccessFully" time="7.097">
    <system-out>
      <![CDATA[Enter email Admin to username field[[ChromeDriver: chrome on windows (77b8f45e768d141c59f9ed81cd8a74c5)] -> name: username]
Enter password [[ChromeDriver: chrome on windows (77b8f45e768d141c59f9ed81cd8a74c5)] -> name: password] to password field[[ChromeDriver: chrome on windows (77b8f45e768d141c59f9ed81cd8a74c5)] -> name: password]
Clicking on login button[[ChromeDriver: chrome on windows (77b8f45e768d141c59f9ed81cd8a74c5)] -> css selector: .oxd-button]
Get welcome text[[ChromeDriver: chrome on windows (77b8f45e768d141c59f9ed81cd8a74c5)] -> xpath: //h6[@class='oxd-text oxd-text--h6 oxd-topbar-header-breadcrumb-module']]]]>
    </system-out>
  </testcase> <!-- verifyUserShouldLoginSuccessFully -->
  <system-out>
    <![CDATA[Enter email Admin to username field[[ChromeDriver: chrome on windows (77b8f45e768d141c59f9ed81cd8a74c5)] -> name: username]
Enter password [[ChromeDriver: chrome on windows (77b8f45e768d141c59f9ed81cd8a74c5)] -> name: password] to password field[[ChromeDriver: chrome on windows (77b8f45e768d141c59f9ed81cd8a74c5)] -> name: password]
Clicking on login button[[ChromeDriver: chrome on windows (77b8f45e768d141c59f9ed81cd8a74c5)] -> css selector: .oxd-button]
Get welcome text[[ChromeDriver: chrome on windows (77b8f45e768d141c59f9ed81cd8a74c5)] -> xpath: //h6[@class='oxd-text oxd-text--h6 oxd-topbar-header-breadcrumb-module']]]]>
  </system-out>
</testsuite> <!-- com.orangehrmlive.demo.testsuite.LoginTest -->
